[debug] [2022-10-06T20:04:33.630Z] ----------------------------------------------------------------------
[debug] [2022-10-06T20:04:33.633Z] Command:       /home/shehzad/.nvm/versions/node/v16.17.0/bin/node /home/shehzad/.nvm/versions/node/v16.17.0/bin/firebase deploy --only hosting
[debug] [2022-10-06T20:04:33.634Z] CLI Version:   11.13.0
[debug] [2022-10-06T20:04:33.634Z] Platform:      linux
[debug] [2022-10-06T20:04:33.634Z] Node Version:  v16.17.0
[debug] [2022-10-06T20:04:33.650Z] Time:          Fri Oct 07 2022 01:04:33 GMT+0500 (Pakistan Standard Time)
[debug] [2022-10-06T20:04:33.651Z] ----------------------------------------------------------------------
[debug] 
[debug] [2022-10-06T20:04:33.833Z] > command requires scopes: ["email","openid","https://www.googleapis.com/auth/cloudplatformprojects.readonly","https://www.googleapis.com/auth/firebase","https://www.googleapis.com/auth/cloud-platform"]
[debug] [2022-10-06T20:04:33.833Z] > authorizing via signed-in user (shehzaddiqbal@gmail.com)
[debug] [2022-10-06T20:04:33.834Z] [iam] checking project shehzad-form for permissions ["firebase.projects.get","firebasehosting.sites.update"]
[debug] [2022-10-06T20:04:33.837Z] > refreshing access token with scopes: []
[debug] [2022-10-06T20:04:33.839Z] >>> [apiv2][query] POST https://www.googleapis.com/oauth2/v3/token [none]
[debug] [2022-10-06T20:04:33.839Z] >>> [apiv2][body] POST https://www.googleapis.com/oauth2/v3/token [omitted]
[debug] [2022-10-06T20:04:34.330Z] <<< [apiv2][status] POST https://www.googleapis.com/oauth2/v3/token 200
[debug] [2022-10-06T20:04:34.331Z] <<< [apiv2][body] POST https://www.googleapis.com/oauth2/v3/token [omitted]
[debug] [2022-10-06T20:04:34.349Z] >>> [apiv2][query] POST https://cloudresourcemanager.googleapis.com/v1/projects/shehzad-form:testIamPermissions [none]
[debug] [2022-10-06T20:04:34.349Z] >>> [apiv2][(partial)header] POST https://cloudresourcemanager.googleapis.com/v1/projects/shehzad-form:testIamPermissions x-goog-quota-user=projects/shehzad-form
[debug] [2022-10-06T20:04:34.350Z] >>> [apiv2][body] POST https://cloudresourcemanager.googleapis.com/v1/projects/shehzad-form:testIamPermissions {"permissions":["firebase.projects.get","firebasehosting.sites.update"]}
[debug] [2022-10-06T20:04:36.051Z] <<< [apiv2][status] POST https://cloudresourcemanager.googleapis.com/v1/projects/shehzad-form:testIamPermissions 200
[debug] [2022-10-06T20:04:36.051Z] <<< [apiv2][body] POST https://cloudresourcemanager.googleapis.com/v1/projects/shehzad-form:testIamPermissions {"permissions":["firebase.projects.get","firebasehosting.sites.update"]}
[debug] [2022-10-06T20:04:36.053Z] >>> [apiv2][query] GET https://firebase.googleapis.com/v1beta1/projects/shehzad-form [none]
